<?xml version="1.0" encoding="UTF-8"?>
<testsuite xmlns:xsi="http://www.w3.org/2001/XMLSchema-instance" xsi:noNamespaceSchemaLocation="https://maven.apache.org/surefire/maven-surefire-plugin/xsd/surefire-test-report-3.0.xsd" version="3.0" name="com.ourvirtualmarket.runners.CukesRunner" time="118.772" tests="5" errors="0" skipped="0" failures="5">
  <properties>
[...]
</properties>
  <testcase name="" classname="Logout Test Set" time="25.449">
    <failure type="java.lang.AssertionError"><![CDATA[java.lang.AssertionError
	at org.junit.Assert.fail(Assert.java:87)
	at org.junit.Assert.assertTrue(Assert.java:42)
	at org.junit.Assert.assertFalse(Assert.java:65)
	at org.junit.Assert.assertFalse(Assert.java:75)
	at com.ourvirtualmarket.steps_defs.Logout_StepDefs.verify_that_and_button_is_visible_and_button_is_not_visible(Logout_StepDefs.java:67)
	at ✽.Verify that Login and Register button is visible and Logout button is not visible(file:///C:/Users/emrek/IdeaProjects/Batch3_OurVirtual2/ourvirtualmarket-project-master-2/src/test/resources/features/logoutFunctionality.feature:14)
]]></failure>
    <system-err><![CDATA[SLF4J: Failed to load class "org.slf4j.impl.StaticLoggerBinder".
SLF4J: Defaulting to no-operation (NOP) logger implementation
SLF4J: See http://www.slf4j.org/codes.html#StaticLoggerBinder for further details.
Starting Microsoft Edge WebDriver 114.0.1823.51 (ab4ec67361d15c6bcbce9686aeee71aca9c7ee70) on port 27681
To submit feedback, report a bug, or suggest new features, please visit https://github.com/MicrosoftEdge/EdgeWebDriver

Only local connections are allowed.
Please see https://aka.ms/WebDriverSecurity for suggestions on keeping Microsoft Edge WebDriver safe.

Microsoft Edge WebDriver was started successfully.
Jun 17, 2023 2:06:28 PM org.openqa.selenium.devtools.CdpVersionFinder findNearestMatch
WARNING: Unable to find an exact match for CDP version 114, so returning the closest version found: 111
]]></system-err>
  </testcase>
  <testcase name="Logout Directly Test - 2" classname="Logout Test Set" time="17.508">
    <failure type="java.lang.AssertionError"><![CDATA[java.lang.AssertionError
	at org.junit.Assert.fail(Assert.java:87)
	at org.junit.Assert.assertTrue(Assert.java:42)
	at org.junit.Assert.assertFalse(Assert.java:65)
	at org.junit.Assert.assertFalse(Assert.java:75)
	at com.ourvirtualmarket.steps_defs.Logout_StepDefs.verify_that_and_button_is_visible_and_button_is_not_visible(Logout_StepDefs.java:67)
	at ✽.Verify that Login and Register button is visible and Logout button is not visible(file:///C:/Users/emrek/IdeaProjects/Batch3_OurVirtual2/ourvirtualmarket-project-master-2/src/test/resources/features/logoutFunctionality.feature:24)
]]></failure>
    <system-err><![CDATA[Starting Microsoft Edge WebDriver 114.0.1823.51 (ab4ec67361d15c6bcbce9686aeee71aca9c7ee70) on port 40690
To submit feedback, report a bug, or suggest new features, please visit https://github.com/MicrosoftEdge/EdgeWebDriver

Only local connections are allowed.
Please see https://aka.ms/WebDriverSecurity for suggestions on keeping Microsoft Edge WebDriver safe.

Microsoft Edge WebDriver was started successfully.
Jun 17, 2023 2:06:50 PM org.openqa.selenium.devtools.CdpVersionFinder findNearestMatch
WARNING: Unable to find an exact match for CDP version 114, so returning the closest version found: 111
]]></system-err>
  </testcase>
  <testcase name="Logout Test After add an Item to Cart" classname="Logout Test Set" time="27.612">
    <failure message="expected:&lt;[Your shopping cart is empty!]&gt; but was:&lt;[Cello C3220G 32&quot; LED-backlit LCD TV x 14 $3,626.00&#10;Belkin - Network device mounting bracket x 10 $2,500.00&#10;Belkin - Network device mounting bracket x 4 $700.00&#10;View Cart&#10;Checkout]&gt;" type="org.junit.ComparisonFailure"><![CDATA[org.junit.ComparisonFailure: 
expected:<[Your shopping cart is empty!]> but was:<[Cello C3220G 32" LED-backlit LCD TV x 14 $3,626.00
Belkin - Network device mounting bracket x 10 $2,500.00
Belkin - Network device mounting bracket x 4 $700.00
View Cart
Checkout]>
	at org.junit.Assert.assertEquals(Assert.java:117)
	at org.junit.Assert.assertEquals(Assert.java:146)
	at com.ourvirtualmarket.steps_defs.Logout_StepDefs.verifyThatMyCartIsEmpty(Logout_StepDefs.java:114)
	at ✽.Verify that My cart is empty(file:///C:/Users/emrek/IdeaProjects/Batch3_OurVirtual2/ourvirtualmarket-project-master-2/src/test/resources/features/logoutFunctionality.feature:39)
]]></failure>
    <system-err><![CDATA[Starting Microsoft Edge WebDriver 114.0.1823.51 (ab4ec67361d15c6bcbce9686aeee71aca9c7ee70) on port 27217
To submit feedback, report a bug, or suggest new features, please visit https://github.com/MicrosoftEdge/EdgeWebDriver

Only local connections are allowed.
Please see https://aka.ms/WebDriverSecurity for suggestions on keeping Microsoft Edge WebDriver safe.

Microsoft Edge WebDriver was started successfully.
Jun 17, 2023 2:07:07 PM org.openqa.selenium.devtools.CdpVersionFinder findNearestMatch
WARNING: Unable to find an exact match for CDP version 114, so returning the closest version found: 111
]]></system-err>
  </testcase>
  <testcase name="Logout Test When at Shopping Cart" classname="Logout Test Set" time="27.722">
    <failure type="java.lang.AssertionError"><![CDATA[java.lang.AssertionError
	at org.junit.Assert.fail(Assert.java:87)
	at org.junit.Assert.assertTrue(Assert.java:42)
	at org.junit.Assert.assertFalse(Assert.java:65)
	at org.junit.Assert.assertFalse(Assert.java:75)
	at com.ourvirtualmarket.steps_defs.Logout_StepDefs.verifyThatShoppingCartPageIsNOTVisible(Logout_StepDefs.java:122)
	at ✽.Verify that Shopping cart page is NOT visible(file:///C:/Users/emrek/IdeaProjects/Batch3_OurVirtual2/ourvirtualmarket-project-master-2/src/test/resources/features/logoutFunctionality.feature:53)
]]></failure>
    <system-err><![CDATA[Starting Microsoft Edge WebDriver 114.0.1823.51 (ab4ec67361d15c6bcbce9686aeee71aca9c7ee70) on port 38813
To submit feedback, report a bug, or suggest new features, please visit https://github.com/MicrosoftEdge/EdgeWebDriver

Only local connections are allowed.
Please see https://aka.ms/WebDriverSecurity for suggestions on keeping Microsoft Edge WebDriver safe.

Microsoft Edge WebDriver was started successfully.
Jun 17, 2023 2:07:35 PM org.openqa.selenium.devtools.CdpVersionFinder findNearestMatch
WARNING: Unable to find an exact match for CDP version 114, so returning the closest version found: 111
]]></system-err>
  </testcase>
  <testcase name="Logout Test When at My Account Information Page" classname="Logout Test Set" time="19.483">
    <failure type="java.lang.AssertionError"><![CDATA[java.lang.AssertionError
	at org.junit.Assert.fail(Assert.java:87)
	at org.junit.Assert.assertTrue(Assert.java:42)
	at org.junit.Assert.assertFalse(Assert.java:65)
	at org.junit.Assert.assertFalse(Assert.java:75)
	at com.ourvirtualmarket.steps_defs.Logout_StepDefs.verifyThatMyAccountInformationIsNOTVisible(Logout_StepDefs.java:150)
	at ✽.Verify that My Account Information is NOT visible(file:///C:/Users/emrek/IdeaProjects/Batch3_OurVirtual2/ourvirtualmarket-project-master-2/src/test/resources/features/logoutFunctionality.feature:65)
]]></failure>
    <system-err><![CDATA[Starting Microsoft Edge WebDriver 114.0.1823.51 (ab4ec67361d15c6bcbce9686aeee71aca9c7ee70) on port 25403
To submit feedback, report a bug, or suggest new features, please visit https://github.com/MicrosoftEdge/EdgeWebDriver

Only local connections are allowed.
Please see https://aka.ms/WebDriverSecurity for suggestions on keeping Microsoft Edge WebDriver safe.

Microsoft Edge WebDriver was started successfully.
Jun 17, 2023 2:08:02 PM org.openqa.selenium.devtools.CdpVersionFinder findNearestMatch
WARNING: Unable to find an exact match for CDP version 114, so returning the closest version found: 111
]]></system-err>
  </testcase>
</testsuite>