<?xml version="1.0" encoding="UTF-8"?>
<testng-results ignored="0" total="0" passed="0" failed="0" skipped="0">
  <reporter-output>
  </reporter-output>
  <suite started-at="2023-06-21T17:36:16 TRT" name="Surefire suite" finished-at="2023-06-21T17:36:49 TRT" duration-ms="32482">
    <groups>
    </groups>
    <test started-at="2023-06-21T17:36:16 TRT" name="Surefire test" finished-at="2023-06-21T17:36:49 TRT" duration-ms="32482">
    </test> <!-- Surefire test -->
  </suite> <!-- Surefire suite -->
</testng-results>
